#
# A fatal error has been detected by the Java Runtime Environment:
#
#  SIGSEGV (0xb) at pc=0x00007fed5c61d5ca, pid=29732, tid=140657365423872
#
# JRE version: Java(TM) SE Runtime Environment (7.0_97-b02) (build 1.7.0_97-b02)
# Java VM: Java HotSpot(TM) 64-Bit Server VM (24.95-b01 mixed mode linux-amd64 compressed oops)
# Problematic frame:
# V  [libjvm.so+0x6e75ca]  JvmtiEnv::GetClassMethods(oopDesc*, int*, _jmethodID***)+0x47a
#
# Failed to write core dump. Core dumps have been disabled. To enable core dumping, try "ulimit -c unlimited" before starting Java again
#
# If you would like to submit a bug report, please visit:
#   http://bugreport.java.com/bugreport/crash.jsp
#

---------------  T H R E A D  ---------------

Current thread (0x00007fed54123800):  JavaThread "JDWP Transport Listener: dt_socket" daemon [_thread_in_vm, id=29748, stack(0x00007fed583d1000,0x00007fed584d2000)]

siginfo:si_signo=SIGSEGV: si_errno=0, si_code=1 (SEGV_MAPERR), si_addr=0x00007fecb1c0eea0

Registers:
RAX=0x00007fed2800cde8, RBX=0x00007fed5411b2f0, RCX=0x00007fed3400ec30, RDX=0xffffffffefb8004e
RSP=0x00007fed584d08e0, RBP=0x00007fed584d0990, RSI=0x0000000000000000, RDI=0x0000000000000000
R8 =0x00007fed5cd82400, R9 =0x00007fed5cd9a408, R10=0x0000000000000000, R11=0x00007fed5c574810
R12=0x000000077deb3ee0, R13=0x00007fed541240b8, R14=0x0000000000000014, R15=0x00000000efb8004e
RIP=0x00007fed5c61d5ca, EFLAGS=0x0000000000010202, CSGSFS=0x0000000000000033, ERR=0x0000000000000006
  TRAPNO=0x000000000000000e

Top of Stack: (sp=0x00007fed584d08e0)
0x00007fed584d08e0:   00007fed54123800 0000000000000018
0x00007fed584d08f0:   00007fed584d0920 00007fed584d0a50
0x00007fed584d0900:   00007fed584d0a60 000000065c63a014
0x00007fed584d0910:   00007fed3400ec30 00007fed54124070
0x00007fed584d0920:   00007fed54123800 00007fed5411b2f0
0x00007fed584d0930:   00007fed54124060 00007fed54124070
0x00007fed584d0940:   00007fed54124448 00000000000003d8
0x00007fed584d0950:   00007fed584d0d50 00000000000f0200
0x00007fed584d0960:   00007fed584d09b0 00000007d65eab50
0x00007fed584d0970:   00007fed54003d70 0000000000000074
0x00007fed584d0980:   00007fed54123800 00007fed584d0a50
0x00007fed584d0990:   00007fed584d0a00 00007fed5c5d47f4
0x00007fed584d09a0:   00007fed584d09b0 00007fed584d0a60
0x00007fed584d09b0:   00007fed54123800 0000000000000000
0x00007fed584d09c0:   00007fed00000000 0000000000000000
0x00007fed584d09d0:   00000000000f0200 00007fed5b5f3120
0x00007fed584d09e0:   00007fed584d0ad0 00007fed540ffbd8
0x00007fed584d09f0:   00000000000f0200 000000000000000f
0x00007fed584d0a00:   00007fed584d0a90 00007fed5b3bf92e
0x00007fed584d0a10:   00007fed584d0a20 00007fed5c615369
0x00007fed584d0a20:   00007fed584d0a60 00007fed5c5d5645
0x00007fed584d0a30:   00000001340035d0 00007fed340067c0
0x00007fed584d0a40:   00007fed584d0a70 00007fed5b3c5b60
0x00007fed584d0a50:   0000000000000000 00007fed584d0ad0
0x00007fed584d0a60:   0000000000000000 0000000000000002
0x00007fed584d0a70:   000000000000000f 0000000000000002
0x00007fed584d0a80:   00000000000f0200 000000000000000f
0x00007fed584d0a90:   00007fed584d0ce0 00007fed5b3ca976
0x00007fed584d0aa0:   000301ee00000013 00007fed5c0f0200
0x00007fed584d0ab0:   00007fed2c000be0 00007fed54123800
0x00007fed584d0ac0:   00007fed584d0ad0 00007fed584d0c60
0x00007fed584d0ad0:   00007fed584d0b20 00007fed0000012c 

Instructions: (pc=0x00007fed5c61d5ca)
0x00007fed5c61d5aa:   00 00 00 48 89 53 10 48 89 c7 4c 89 27 4c 89 ee
0x00007fed5c61d5ba:   49 83 c6 04 e8 fd 89 ed ff 48 8b 4d 80 49 63 d7
0x00007fed5c61d5ca:   48 89 04 d1 4c 3b b5 58 ff ff ff 0f 84 c5 fc ff
0x00007fed5c61d5da:   ff 48 8b 55 88 48 8b 0d b2 59 72 00 48 8b 02 80 

Register to memory mapping:

RAX=0x00007fed2800cde8 is a weak global jni handle
RBX=0x00007fed5411b2f0 is an unknown value
RCX=0x00007fed3400ec30 is an unknown value
RDX=0xffffffffefb8004e is an unknown value
RSP=0x00007fed584d08e0 is pointing into the stack for thread: 0x00007fed54123800
RBP=0x00007fed584d0990 is pointing into the stack for thread: 0x00007fed54123800
RSI=0x0000000000000000 is an unknown value
RDI=0x0000000000000000 is an unknown value
R8 =0x00007fed5cd82400: <offset 0xe4c400> in /opt/payon/java/jdk1.7.0_97/jre/lib/amd64/server/libjvm.so at 0x00007fed5bf36000
R9 =0x00007fed5cd9a408: <offset 0xe64408> in /opt/payon/java/jdk1.7.0_97/jre/lib/amd64/server/libjvm.so at 0x00007fed5bf36000
R10=0x0000000000000000 is an unknown value
R11=0x00007fed5c574810: <offset 0x63e810> in /opt/payon/java/jdk1.7.0_97/jre/lib/amd64/server/libjvm.so at 0x00007fed5bf36000
R12=0x000000077deb3ee0 is an oop
{instance class} 
 - klass: {other class}
R13=0x00007fed541240b8 is an unknown value
R14=0x0000000000000014 is an unknown value
R15=0x00000000efb8004e is an unknown value


Stack: [0x00007fed583d1000,0x00007fed584d2000],  sp=0x00007fed584d08e0,  free space=1022k
Native frames: (J=compiled Java code, j=interpreted, Vv=VM code, C=native code)
V  [libjvm.so+0x6e75ca]  JvmtiEnv::GetClassMethods(oopDesc*, int*, _jmethodID***)+0x47a
V  [libjvm.so+0x69e7f4]  jvmti_GetClassMethods+0x294
C  [libjdwp.so+0x692e]  methods1+0x7e
C  [libjdwp.so+0x11976]  debugLoop_run+0x2b6
C  [libjdwp.so+0x243af]  attachThread+0x2f
V  [libjvm.so+0x6ffcc7]  JvmtiAgentThread::call_start_function()+0x97
V  [libjvm.so+0x95c3ff]  JavaThread::thread_main_inner()+0xdf
V  [libjvm.so+0x95c505]  JavaThread::run()+0xf5
V  [libjvm.so+0x823b18]  java_start(Thread*)+0x108


---------------  P R O C E S S  ---------------

Java Threads: ( => current thread )
  0x00007fed541ae800 JavaThread "Service Thread" daemon [_thread_blocked, id=29761, stack(0x00007fed4ccde000,0x00007fed4cddf000)]
  0x00007fed541aa000 JavaThread "C2 CompilerThread1" daemon [_thread_blocked, id=29760, stack(0x00007fed4cddf000,0x00007fed4cee0000)]
  0x00007fed541ac800 JavaThread "C2 CompilerThread0" daemon [_thread_blocked, id=29759, stack(0x00007fed5800f000,0x00007fed58110000)]
  0x00007fed34001000 JavaThread "JDWP Command Reader" daemon [_thread_in_native, id=29753, stack(0x00007fed581cf000,0x00007fed582d0000)]
  0x00007fed54127000 JavaThread "JDWP Event Helper Thread" daemon [_thread_blocked, id=29751, stack(0x00007fed582d0000,0x00007fed583d1000)]
=>0x00007fed54123800 JavaThread "JDWP Transport Listener: dt_socket" daemon [_thread_in_vm, id=29748, stack(0x00007fed583d1000,0x00007fed584d2000)]
  0x00007fed54116000 JavaThread "Signal Dispatcher" daemon [_thread_blocked, id=29745, stack(0x00007fed586d6000,0x00007fed587d7000)]
  0x00007fed540f6000 JavaThread "Finalizer" daemon [_thread_blocked, id=29741, stack(0x00007fed587d7000,0x00007fed588d8000)]
  0x00007fed540f4000 JavaThread "Reference Handler" daemon [_thread_blocked, id=29740, stack(0x00007fed588d8000,0x00007fed589d9000)]
  0x00007fed5400d000 JavaThread "main" [_thread_in_native, id=29735, stack(0x00007fed5d895000,0x00007fed5d996000)]

Other Threads:
  0x00007fed540ef800 VMThread [stack: 0x00007fed589d9000,0x00007fed58ada000] [id=29739]
  0x00007fed541b9800 WatcherThread [stack: 0x00007fed4cbdd000,0x00007fed4ccde000] [id=29762]

VM state:not at safepoint (normal execution)

VM Mutex/Monitor currently owned by a thread: None

Heap
 PSYoungGen      total 37888K, used 2623K [0x00000007d6480000, 0x00000007d8e80000, 0x0000000800000000)
  eden space 32768K, 8% used [0x00000007d6480000,0x00000007d670fd48,0x00000007d8480000)
  from space 5120K, 0% used [0x00000007d8980000,0x00000007d8980000,0x00000007d8e80000)
  to   space 5120K, 0% used [0x00000007d8480000,0x00000007d8480000,0x00000007d8980000)
 ParOldGen       total 84992K, used 0K [0x0000000782e00000, 0x0000000788100000, 0x00000007d6480000)
  object space 84992K, 0% used [0x0000000782e00000,0x0000000782e00000,0x0000000788100000)
 PSPermGen       total 21504K, used 3424K [0x000000077dc00000, 0x000000077f100000, 0x0000000782e00000)
  object space 21504K, 15% used [0x000000077dc00000,0x000000077df58018,0x000000077f100000)

Card table byte_map: [0x00007fed59fc1000,0x00007fed5a3d4000] byte_map_base: 0x00007fed563d3000

Polling page: 0x00007fed5d9af000

Code Cache  [0x00007fed51000000, 0x00007fed51270000, 0x00007fed54000000)
 total_blobs=194 nmethods=5 adapters=151 free_code_cache=48758Kb largest_free_block=49916032

Compilation events (10 events):
Event: 0.206 Thread 0x00007fed541ac800    1             org.groovy.debug.hotswap.ResetAgent::matches (29 bytes)
Event: 0.206 Thread 0x00007fed541aa000    2             org.groovy.debug.hotswap.ResetAgent::containsSubArray (32 bytes)
Event: 0.212 Thread 0x00007fed541ac800 nmethod 1 0x00007fed51060550 code [0x00007fed510606a0, 0x00007fed51060938]
Event: 0.216 Thread 0x00007fed541aa000 nmethod 2 0x00007fed51060110 code [0x00007fed51060260, 0x00007fed510603f8]
Event: 0.223 Thread 0x00007fed541ac800    3             java.lang.String::hashCode (55 bytes)
Event: 0.225 Thread 0x00007fed541ac800 nmethod 3 0x00007fed5105fd50 code [0x00007fed5105fea0, 0x00007fed51060038]
Event: 0.236 Thread 0x00007fed541aa000    4             sun.nio.cs.UTF_8$Encoder::encode (361 bytes)
Event: 0.241 Thread 0x00007fed541aa000 nmethod 4 0x00007fed51063550 code [0x00007fed510636a0, 0x00007fed51063a98]
Event: 0.241 Thread 0x00007fed541ac800    5             java.lang.String::indexOf (70 bytes)
Event: 0.243 Thread 0x00007fed541ac800 nmethod 5 0x00007fed510630d0 code [0x00007fed51063220, 0x00007fed51063418]

GC Heap History (0 events):
No events

Deoptimization events (0 events):
No events

Internal exceptions (9 events):
Event: 0.031 Thread 0x00007fed5400d000 Threw 0x00000007d648f2a0 at /HUDSON/workspace/7u-2-build-linux-amd64/jdk7u97/2972/hotspot/src/share/vm/prims/jni.cpp:3991
Event: 0.105 Thread 0x00007fed5400d000 Threw 0x00000007d64d9c10 at /HUDSON/workspace/7u-2-build-linux-amd64/jdk7u97/2972/hotspot/src/share/vm/prims/jvm.cpp:1319
Event: 0.157 Thread 0x00007fed5400d000 Threw 0x00000007d65d8430 at /HUDSON/workspace/7u-2-build-linux-amd64/jdk7u97/2972/hotspot/src/share/vm/prims/jvm.cpp:1319
Event: 0.175 Thread 0x00007fed5400d000 Threw 0x00000007d65ddc18 at /HUDSON/workspace/7u-2-build-linux-amd64/jdk7u97/2972/hotspot/src/share/vm/prims/jvm.cpp:1319
Event: 0.204 Thread 0x00007fed5400d000 Threw 0x00000007d65e6730 at /HUDSON/workspace/7u-2-build-linux-amd64/jdk7u97/2972/hotspot/src/share/vm/prims/jvm.cpp:1319
Event: 0.240 Thread 0x00007fed5400d000 Threw 0x00000007d66324b0 at /HUDSON/workspace/7u-2-build-linux-amd64/jdk7u97/2972/hotspot/src/share/vm/prims/jvm.cpp:1319
Event: 0.240 Thread 0x00007fed5400d000 Threw 0x00000007d66325d8 at /HUDSON/workspace/7u-2-build-linux-amd64/jdk7u97/2972/hotspot/src/share/vm/prims/jvm.cpp:1319
Event: 0.243 Thread 0x00007fed5400d000 Threw 0x00000007d66348a0 at /HUDSON/workspace/7u-2-build-linux-amd64/jdk7u97/2972/hotspot/src/share/vm/prims/jvm.cpp:1319
Event: 0.243 Thread 0x00007fed5400d000 Threw 0x00000007d66349c8 at /HUDSON/workspace/7u-2-build-linux-amd64/jdk7u97/2972/hotspot/src/share/vm/prims/jvm.cpp:1319

Events (10 events):
Event: 70.895 Executing VM operation: ChangeBreakpoints
Event: 70.895 Executing VM operation: ChangeBreakpoints done
Event: 115.480 Executing VM operation: ChangeBreakpoints
Event: 115.480 Executing VM operation: ChangeBreakpoints done
Event: 6855.092 Executing VM operation: RedefineClasses
Event: 6855.092 Executing VM operation: RedefineClasses done
Event: 7106.678 Executing VM operation: RedefineClasses
Event: 7106.678 Executing VM operation: RedefineClasses done
Event: 8302.918 Executing VM operation: RedefineClasses
Event: 8302.918 Executing VM operation: RedefineClasses done


Dynamic libraries:
00400000-00401000 r-xp 00000000 08:01 787307                             /opt/payon/java/jdk1.7.0_97/bin/java
00600000-00601000 rw-p 00000000 08:01 787307                             /opt/payon/java/jdk1.7.0_97/bin/java
00e89000-00eaa000 rw-p 00000000 00:00 0                                  [heap]
77dc00000-77f100000 rw-p 00000000 00:00 0 
77f100000-782e00000 rw-p 00000000 00:00 0 
782e00000-788100000 rw-p 00000000 00:00 0 
788100000-7d6480000 rw-p 00000000 00:00 0 
7d6480000-7d8e80000 rw-p 00000000 00:00 0 
7d8e80000-800000000 rw-p 00000000 00:00 0 
7fed18000000-7fed18021000 rw-p 00000000 00:00 0 
7fed18021000-7fed1c000000 ---p 00000000 00:00 0 
7fed1c000000-7fed1c021000 rw-p 00000000 00:00 0 
7fed1c021000-7fed20000000 ---p 00000000 00:00 0 
7fed20000000-7fed2008e000 rw-p 00000000 00:00 0 
7fed2008e000-7fed24000000 ---p 00000000 00:00 0 
7fed24000000-7fed2402f000 rw-p 00000000 00:00 0 
7fed2402f000-7fed28000000 ---p 00000000 00:00 0 
7fed28000000-7fed28021000 rw-p 00000000 00:00 0 
7fed28021000-7fed2c000000 ---p 00000000 00:00 0 
7fed2c000000-7fed2c021000 rw-p 00000000 00:00 0 
7fed2c021000-7fed30000000 ---p 00000000 00:00 0 
7fed30000000-7fed30021000 rw-p 00000000 00:00 0 
7fed30021000-7fed34000000 ---p 00000000 00:00 0 
7fed34000000-7fed34021000 rw-p 00000000 00:00 0 
7fed34021000-7fed38000000 ---p 00000000 00:00 0 
7fed38000000-7fed38021000 rw-p 00000000 00:00 0 
7fed38021000-7fed3c000000 ---p 00000000 00:00 0 
7fed3c000000-7fed3c021000 rw-p 00000000 00:00 0 
7fed3c021000-7fed40000000 ---p 00000000 00:00 0 
7fed40000000-7fed40021000 rw-p 00000000 00:00 0 
7fed40021000-7fed44000000 ---p 00000000 00:00 0 
7fed44000000-7fed44021000 rw-p 00000000 00:00 0 
7fed44021000-7fed48000000 ---p 00000000 00:00 0 
7fed48000000-7fed48021000 rw-p 00000000 00:00 0 
7fed48021000-7fed4c000000 ---p 00000000 00:00 0 
7fed4c994000-7fed4cbdd000 rw-p 00000000 00:00 0 
7fed4cbdd000-7fed4cbde000 ---p 00000000 00:00 0 
7fed4cbde000-7fed4ccde000 rw-p 00000000 00:00 0                          [stack:29762]
7fed4ccde000-7fed4cce1000 ---p 00000000 00:00 0 
7fed4cce1000-7fed4cddf000 rw-p 00000000 00:00 0                          [stack:29761]
7fed4cddf000-7fed4cde2000 ---p 00000000 00:00 0 
7fed4cde2000-7fed51000000 rw-p 00000000 00:00 0                          [stack:29760]
7fed51000000-7fed51270000 rwxp 00000000 00:00 0 
7fed51270000-7fed541cf000 rw-p 00000000 00:00 0 
7fed541cf000-7fed58000000 ---p 00000000 00:00 0 
7fed5800e000-7fed5800f000 rw-p 00000000 00:00 0 
7fed5800f000-7fed58012000 ---p 00000000 00:00 0 
7fed58012000-7fed58110000 rw-p 00000000 00:00 0                          [stack:29759]
7fed58110000-7fed58112000 r--s 0000b000 08:01 1705325                    /opt/ideaIC-2016/plugins/Groovy/lib/agent/gragent.jar
7fed58112000-7fed58114000 r--s 0001e000 08:01 1705742                    /opt/ideaIC-2016/lib/idea_rt.jar
7fed58114000-7fed5811e000 r--s 00253000 08:01 787247                     /opt/payon/java/jdk1.7.0_97/jre/lib/resources.jar
7fed5811e000-7fed58132000 r--s 000d6000 08:01 787084                     /opt/payon/java/jdk1.7.0_97/jre/lib/plugin.jar
7fed58132000-7fed58136000 r--s 0008f000 08:01 787235                     /opt/payon/java/jdk1.7.0_97/jre/lib/jsse.jar
7fed58136000-7fed581c5000 r--s 00de4000 08:01 787149                     /opt/payon/java/jdk1.7.0_97/jre/lib/jfxrt.jar
7fed581c5000-7fed581cf000 r--s 0006d000 08:01 787236                     /opt/payon/java/jdk1.7.0_97/jre/lib/javaws.jar
7fed581cf000-7fed581d2000 ---p 00000000 00:00 0 
7fed581d2000-7fed582d0000 rw-p 00000000 00:00 0                          [stack:29753]
7fed582d0000-7fed582d3000 ---p 00000000 00:00 0 
7fed582d3000-7fed583d1000 rw-p 00000000 00:00 0                          [stack:29751]
7fed583d1000-7fed583d4000 ---p 00000000 00:00 0 
7fed583d4000-7fed584d2000 rw-p 00000000 00:00 0                          [stack:29748]
7fed584d2000-7fed584d6000 r-xp 00000000 08:01 787183                     /opt/payon/java/jdk1.7.0_97/jre/lib/amd64/libdt_socket.so
7fed584d6000-7fed586d5000 ---p 00004000 08:01 787183                     /opt/payon/java/jdk1.7.0_97/jre/lib/amd64/libdt_socket.so
7fed586d5000-7fed586d6000 rw-p 00003000 08:01 787183                     /opt/payon/java/jdk1.7.0_97/jre/lib/amd64/libdt_socket.so
7fed586d6000-7fed586d9000 ---p 00000000 00:00 0 
7fed586d9000-7fed587d7000 rw-p 00000000 00:00 0                          [stack:29745]
7fed587d7000-7fed587da000 ---p 00000000 00:00 0 
7fed587da000-7fed588d8000 rw-p 00000000 00:00 0                          [stack:29741]
7fed588d8000-7fed588db000 ---p 00000000 00:00 0 
7fed588db000-7fed589d9000 rw-p 00000000 00:00 0                          [stack:29740]
7fed589d9000-7fed589da000 ---p 00000000 00:00 0 
7fed589da000-7fed5942e000 rw-p 00000000 00:00 0                          [stack:29739]
7fed5942e000-7fed595ee000 r--s 03a1d000 08:01 787253                     /opt/payon/java/jdk1.7.0_97/jre/lib/rt.jar
7fed595ee000-7fed59afa000 rw-p 00000000 00:00 0 
7fed59afa000-7fed59afb000 ---p 00000000 00:00 0 
7fed59afb000-7fed59bfb000 rw-p 00000000 00:00 0                          [stack:29737]
7fed59bfb000-7fed59bfc000 ---p 00000000 00:00 0 
7fed59bfc000-7fed59d07000 rw-p 00000000 00:00 0                          [stack:29736]
7fed59d07000-7fed59d25000 rw-p 00000000 00:00 0 
7fed59d25000-7fed59d4f000 rw-p 00000000 00:00 0 
7fed59d4f000-7fed59fc1000 rw-p 00000000 00:00 0 
7fed59fc1000-7fed59fcc000 rw-p 00000000 00:00 0 
7fed59fcc000-7fed59fea000 rw-p 00000000 00:00 0 
7fed59fea000-7fed5a014000 rw-p 00000000 00:00 0 
7fed5a014000-7fed5a285000 rw-p 00000000 00:00 0 
7fed5a285000-7fed5a29b000 rw-p 00000000 00:00 0 
7fed5a29b000-7fed5a3d3000 rw-p 00000000 00:00 0 
7fed5a3d3000-7fed5a3d4000 rw-p 00000000 00:00 0 
7fed5a3d4000-7fed5a3ec000 r-xp 00000000 08:01 787184                     /opt/payon/java/jdk1.7.0_97/jre/lib/amd64/libzip.so
7fed5a3ec000-7fed5a5eb000 ---p 00018000 08:01 787184                     /opt/payon/java/jdk1.7.0_97/jre/lib/amd64/libzip.so
7fed5a5eb000-7fed5a5ec000 rw-p 00017000 08:01 787184                     /opt/payon/java/jdk1.7.0_97/jre/lib/amd64/libzip.so
7fed5a5ec000-7fed5a5f7000 r-xp 00000000 08:01 2228241                    /lib/x86_64-linux-gnu/libnss_files-2.19.so
7fed5a5f7000-7fed5a7f6000 ---p 0000b000 08:01 2228241                    /lib/x86_64-linux-gnu/libnss_files-2.19.so
7fed5a7f6000-7fed5a7f7000 r--p 0000a000 08:01 2228241                    /lib/x86_64-linux-gnu/libnss_files-2.19.so
7fed5a7f7000-7fed5a7f8000 rw-p 0000b000 08:01 2228241                    /lib/x86_64-linux-gnu/libnss_files-2.19.so
7fed5a7f8000-7fed5a802000 r-xp 00000000 08:01 2228243                    /lib/x86_64-linux-gnu/libnss_nis-2.19.so
7fed5a802000-7fed5aa01000 ---p 0000a000 08:01 2228243                    /lib/x86_64-linux-gnu/libnss_nis-2.19.so
7fed5aa01000-7fed5aa02000 r--p 00009000 08:01 2228243                    /lib/x86_64-linux-gnu/libnss_nis-2.19.so
7fed5aa02000-7fed5aa03000 rw-p 0000a000 08:01 2228243                    /lib/x86_64-linux-gnu/libnss_nis-2.19.so
7fed5aa03000-7fed5aa18000 r-xp 00000000 08:01 2228238                    /lib/x86_64-linux-gnu/libnsl-2.19.so
7fed5aa18000-7fed5ac17000 ---p 00015000 08:01 2228238                    /lib/x86_64-linux-gnu/libnsl-2.19.so
7fed5ac17000-7fed5ac18000 r--p 00014000 08:01 2228238                    /lib/x86_64-linux-gnu/libnsl-2.19.so
7fed5ac18000-7fed5ac19000 rw-p 00015000 08:01 2228238                    /lib/x86_64-linux-gnu/libnsl-2.19.so
7fed5ac19000-7fed5ac1b000 rw-p 00000000 00:00 0 
7fed5ac1b000-7fed5ac22000 r-xp 00000000 08:01 2228239                    /lib/x86_64-linux-gnu/libnss_compat-2.19.so
7fed5ac22000-7fed5ae21000 ---p 00007000 08:01 2228239                    /lib/x86_64-linux-gnu/libnss_compat-2.19.so
7fed5ae21000-7fed5ae22000 r--p 00006000 08:01 2228239                    /lib/x86_64-linux-gnu/libnss_compat-2.19.so
7fed5ae22000-7fed5ae23000 rw-p 00007000 08:01 2228239                    /lib/x86_64-linux-gnu/libnss_compat-2.19.so
7fed5ae23000-7fed5ae2d000 r-xp 00000000 08:01 787214                     /opt/payon/java/jdk1.7.0_97/jre/lib/amd64/libinstrument.so
7fed5ae2d000-7fed5b02c000 ---p 0000a000 08:01 787214                     /opt/payon/java/jdk1.7.0_97/jre/lib/amd64/libinstrument.so
7fed5b02c000-7fed5b02d000 rw-p 00009000 08:01 787214                     /opt/payon/java/jdk1.7.0_97/jre/lib/amd64/libinstrument.so
7fed5b02d000-7fed5b1b6000 r--p 00000000 08:01 2494096                    /usr/lib/locale/locale-archive
7fed5b1b6000-7fed5b1b8000 r-xp 00000000 08:01 787178                     /opt/payon/java/jdk1.7.0_97/jre/lib/amd64/libnpt.so
7fed5b1b8000-7fed5b3b8000 ---p 00002000 08:01 787178                     /opt/payon/java/jdk1.7.0_97/jre/lib/amd64/libnpt.so
7fed5b3b8000-7fed5b3b9000 rw-p 00002000 08:01 787178                     /opt/payon/java/jdk1.7.0_97/jre/lib/amd64/libnpt.so
7fed5b3b9000-7fed5b3f2000 r-xp 00000000 08:01 787175                     /opt/payon/java/jdk1.7.0_97/jre/lib/amd64/libjdwp.so
7fed5b3f2000-7fed5b5f2000 ---p 00039000 08:01 787175                     /opt/payon/java/jdk1.7.0_97/jre/lib/amd64/libjdwp.so
7fed5b5f2000-7fed5b5f3000 rw-p 00039000 08:01 787175                     /opt/payon/java/jdk1.7.0_97/jre/lib/amd64/libjdwp.so
7fed5b5f3000-7fed5b5f4000 rw-p 00000000 00:00 0 
7fed5b5f4000-7fed5b61d000 r-xp 00000000 08:01 787192                     /opt/payon/java/jdk1.7.0_97/jre/lib/amd64/libjava.so
7fed5b61d000-7fed5b81d000 ---p 00029000 08:01 787192                     /opt/payon/java/jdk1.7.0_97/jre/lib/amd64/libjava.so
7fed5b81d000-7fed5b81f000 rw-p 00029000 08:01 787192                     /opt/payon/java/jdk1.7.0_97/jre/lib/amd64/libjava.so
7fed5b81f000-7fed5b82c000 r-xp 00000000 08:01 787160                     /opt/payon/java/jdk1.7.0_97/jre/lib/amd64/libverify.so
7fed5b82c000-7fed5ba2b000 ---p 0000d000 08:01 787160                     /opt/payon/java/jdk1.7.0_97/jre/lib/amd64/libverify.so
7fed5ba2b000-7fed5ba2d000 rw-p 0000c000 08:01 787160                     /opt/payon/java/jdk1.7.0_97/jre/lib/amd64/libverify.so
7fed5ba2d000-7fed5ba34000 r-xp 00000000 08:01 2228247                    /lib/x86_64-linux-gnu/librt-2.19.so
7fed5ba34000-7fed5bc33000 ---p 00007000 08:01 2228247                    /lib/x86_64-linux-gnu/librt-2.19.so
7fed5bc33000-7fed5bc34000 r--p 00006000 08:01 2228247                    /lib/x86_64-linux-gnu/librt-2.19.so
7fed5bc34000-7fed5bc35000 rw-p 00007000 08:01 2228247                    /lib/x86_64-linux-gnu/librt-2.19.so
7fed5bc35000-7fed5bd35000 r-xp 00000000 08:01 2228236                    /lib/x86_64-linux-gnu/libm-2.19.so
7fed5bd35000-7fed5bf34000 ---p 00100000 08:01 2228236                    /lib/x86_64-linux-gnu/libm-2.19.so
7fed5bf34000-7fed5bf35000 r--p 000ff000 08:01 2228236                    /lib/x86_64-linux-gnu/libm-2.19.so
7fed5bf35000-7fed5bf36000 rw-p 00100000 08:01 2228236                    /lib/x86_64-linux-gnu/libm-2.19.so
7fed5bf36000-7fed5caac000 r-xp 00000000 08:01 787210                     /opt/payon/java/jdk1.7.0_97/jre/lib/amd64/server/libjvm.so
7fed5caac000-7fed5ccac000 ---p 00b76000 08:01 787210                     /opt/payon/java/jdk1.7.0_97/jre/lib/amd64/server/libjvm.so
7fed5ccac000-7fed5cd70000 rw-p 00b76000 08:01 787210                     /opt/payon/java/jdk1.7.0_97/jre/lib/amd64/server/libjvm.so
7fed5cd70000-7fed5cdb1000 rw-p 00000000 00:00 0 
7fed5cdb1000-7fed5cf53000 r-xp 00000000 08:01 2228232                    /lib/x86_64-linux-gnu/libc-2.19.so
7fed5cf53000-7fed5d152000 ---p 001a2000 08:01 2228232                    /lib/x86_64-linux-gnu/libc-2.19.so
7fed5d152000-7fed5d156000 r--p 001a1000 08:01 2228232                    /lib/x86_64-linux-gnu/libc-2.19.so
7fed5d156000-7fed5d158000 rw-p 001a5000 08:01 2228232                    /lib/x86_64-linux-gnu/libc-2.19.so
7fed5d158000-7fed5d15c000 rw-p 00000000 00:00 0 
7fed5d15c000-7fed5d15f000 r-xp 00000000 08:01 2228235                    /lib/x86_64-linux-gnu/libdl-2.19.so
7fed5d15f000-7fed5d35e000 ---p 00003000 08:01 2228235                    /lib/x86_64-linux-gnu/libdl-2.19.so
7fed5d35e000-7fed5d35f000 r--p 00002000 08:01 2228235                    /lib/x86_64-linux-gnu/libdl-2.19.so
7fed5d35f000-7fed5d360000 rw-p 00003000 08:01 2228235                    /lib/x86_64-linux-gnu/libdl-2.19.so
7fed5d360000-7fed5d375000 r-xp 00000000 08:01 787975                     /opt/payon/java/jdk1.7.0_97/lib/amd64/jli/libjli.so
7fed5d375000-7fed5d574000 ---p 00015000 08:01 787975                     /opt/payon/java/jdk1.7.0_97/lib/amd64/jli/libjli.so
7fed5d574000-7fed5d575000 rw-p 00014000 08:01 787975                     /opt/payon/java/jdk1.7.0_97/lib/amd64/jli/libjli.so
7fed5d575000-7fed5d58d000 r-xp 00000000 08:01 2228227                    /lib/x86_64-linux-gnu/libpthread-2.19.so
7fed5d58d000-7fed5d78c000 ---p 00018000 08:01 2228227                    /lib/x86_64-linux-gnu/libpthread-2.19.so
7fed5d78c000-7fed5d78d000 r--p 00017000 08:01 2228227                    /lib/x86_64-linux-gnu/libpthread-2.19.so
7fed5d78d000-7fed5d78e000 rw-p 00018000 08:01 2228227                    /lib/x86_64-linux-gnu/libpthread-2.19.so
7fed5d78e000-7fed5d792000 rw-p 00000000 00:00 0 
7fed5d792000-7fed5d7b2000 r-xp 00000000 08:01 2228229                    /lib/x86_64-linux-gnu/ld-2.19.so
7fed5d7b2000-7fed5d7b3000 rw-p 00000000 00:00 0 
7fed5d7b3000-7fed5d7b8000 r--s 0007e000 08:01 787217                     /opt/payon/java/jdk1.7.0_97/jre/lib/jfr.jar
7fed5d7b8000-7fed5d7bb000 r--s 00019000 08:01 787254                     /opt/payon/java/jdk1.7.0_97/jre/lib/jce.jar
7fed5d7bb000-7fed5d7d5000 r--s 001eb000 08:01 787238                     /opt/payon/java/jdk1.7.0_97/jre/lib/deploy.jar
7fed5d7d5000-7fed5d7df000 rw-p 00000000 00:00 0 
7fed5d7df000-7fed5d895000 rw-p 00000000 00:00 0 
7fed5d895000-7fed5d898000 ---p 00000000 00:00 0 
7fed5d898000-7fed5d99a000 rw-p 00000000 00:00 0                          [stack:29735]
7fed5d99a000-7fed5d99b000 r--s 00000000 08:01 787063                     /opt/payon/java/jdk1.7.0_97/jre/lib/management-agent.jar
7fed5d99b000-7fed5d9a6000 r--s 0037d000 08:01 787219                     /opt/payon/java/jdk1.7.0_97/jre/lib/charsets.jar
7fed5d9a6000-7fed5d9ae000 rw-s 00000000 00:20 1357708                    /tmp/hsperfdata_tomcat/29732
7fed5d9ae000-7fed5d9af000 rw-p 00000000 00:00 0 
7fed5d9af000-7fed5d9b0000 r--p 00000000 00:00 0 
7fed5d9b0000-7fed5d9b2000 rw-p 00000000 00:00 0 
7fed5d9b2000-7fed5d9b3000 r--p 00020000 08:01 2228229                    /lib/x86_64-linux-gnu/ld-2.19.so
7fed5d9b3000-7fed5d9b4000 rw-p 00021000 08:01 2228229                    /lib/x86_64-linux-gnu/ld-2.19.so
7fed5d9b4000-7fed5d9b5000 rw-p 00000000 00:00 0 
7fff36936000-7fff36957000 rw-p 00000000 00:00 0                          [stack]
7fff36961000-7fff36963000 r-xp 00000000 00:00 0                          [vdso]
7fff36963000-7fff36965000 r--p 00000000 00:00 0                          [vvar]
ffffffffff600000-ffffffffff601000 r-xp 00000000 00:00 0                  [vsyscall]

VM Arguments:
jvm_args: -agentlib:jdwp=transport=dt_socket,address=127.0.0.1:35504,suspend=y,server=n -javaagent:/opt/ideaIC-2016/plugins/Groovy/lib/agent/gragent.jar -Dfile.encoding=UTF-8 
java_command: algorithms.search.ConnectedCellsInAGrid
Launcher Type: SUN_STANDARD

Environment Variables:
PATH=/opt/puppetlabs/bin:/usr/local/bin:/usr/bin:/bin:/usr/local/games:/usr/games:/opt/puppetlabs/bin
USERNAME=tomcat
LD_LIBRARY_PATH=/opt/idea-ce/bin:
SHELL=/bin/bash
DISPLAY=:0

Signal Handlers:
SIGSEGV: [libjvm.so+0x9a4520], sa_mask[0]=0x7ffbfeff, sa_flags=0x10000004
SIGBUS: [libjvm.so+0x9a4520], sa_mask[0]=0x7ffbfeff, sa_flags=0x10000004
SIGFPE: [libjvm.so+0x81e990], sa_mask[0]=0x7ffbfeff, sa_flags=0x10000004
SIGPIPE: [libjvm.so+0x81e990], sa_mask[0]=0x7ffbfeff, sa_flags=0x10000004
SIGXFSZ: [libjvm.so+0x81e990], sa_mask[0]=0x7ffbfeff, sa_flags=0x10000004
SIGILL: [libjvm.so+0x81e990], sa_mask[0]=0x7ffbfeff, sa_flags=0x10000004
SIGUSR1: SIG_DFL, sa_mask[0]=0x00000000, sa_flags=0x00000000
SIGUSR2: [libjvm.so+0x820200], sa_mask[0]=0x00000004, sa_flags=0x10000004
SIGHUP: [libjvm.so+0x821320], sa_mask[0]=0x7ffbfeff, sa_flags=0x10000004
SIGINT: [libjvm.so+0x821320], sa_mask[0]=0x7ffbfeff, sa_flags=0x10000004
SIGTERM: [libjvm.so+0x821320], sa_mask[0]=0x7ffbfeff, sa_flags=0x10000004
SIGQUIT: [libjvm.so+0x821320], sa_mask[0]=0x7ffbfeff, sa_flags=0x10000004


---------------  S Y S T E M  ---------------

OS:8.4

uname:Linux 3.16.0-4-amd64 #1 SMP Debian 3.16.7-ckt25-2 (2016-04-08) x86_64
libc:glibc 2.19 NPTL 2.19 
rlimit: STACK 8192k, CORE 0k, NPROC 31945, NOFILE 65536, AS infinity
load average:0.33 0.25 0.37

/proc/meminfo:
MemTotal:        8195848 kB
MemFree:          406248 kB
MemAvailable:    3496448 kB
Buffers:          392828 kB
Cached:          2743044 kB
SwapCached:         3704 kB
Active:          5361780 kB
Inactive:        1793788 kB
Active(anon):    3404548 kB
Inactive(anon):   918160 kB
Active(file):    1957232 kB
Inactive(file):   875628 kB
Unevictable:          16 kB
Mlocked:              16 kB
SwapTotal:       4191228 kB
SwapFree:        4012096 kB
Dirty:             39328 kB
Writeback:             0 kB
AnonPages:       4016500 kB
Mapped:           236396 kB
Shmem:            303012 kB
Slab:             556464 kB
SReclaimable:     510732 kB
SUnreclaim:        45732 kB
KernelStack:       12176 kB
PageTables:        33076 kB
NFS_Unstable:          0 kB
Bounce:                0 kB
WritebackTmp:          0 kB
CommitLimit:     8289152 kB
Committed_AS:    8831852 kB
VmallocTotal:   34359738367 kB
VmallocUsed:       79800 kB
VmallocChunk:   34359650808 kB
HardwareCorrupted:     0 kB
AnonHugePages:         0 kB
HugePages_Total:       0
HugePages_Free:        0
HugePages_Rsvd:        0
HugePages_Surp:        0
Hugepagesize:       2048 kB
DirectMap4k:       88000 kB
DirectMap2M:     8300544 kB


CPU:total 2 (2 cores per cpu, 1 threads per core) family 6 model 94 stepping 3, cmov, cx8, fxsr, mmx, sse, sse2, sse3, ssse3, sse4.1, sse4.2, popcnt, avx, aes, tsc, tscinvbit

/proc/cpuinfo:
processor	: 0
vendor_id	: GenuineIntel
cpu family	: 6
model		: 94
model name	: Intel(R) Core(TM) i7-6820HQ CPU @ 2.70GHz
stepping	: 3
cpu MHz		: 2712.006
cache size	: 8192 KB
physical id	: 0
siblings	: 2
core id		: 0
cpu cores	: 2
apicid		: 0
initial apicid	: 0
fpu		: yes
fpu_exception	: yes
cpuid level	: 22
wp		: yes
flags		: fpu vme de pse tsc msr pae mce cx8 apic sep mtrr pge mca cmov pat pse36 clflush mmx fxsr sse sse2 ht syscall nx rdtscp lm constant_tsc rep_good nopl xtopology nonstop_tsc pni pclmulqdq ssse3 cx16 sse4_1 sse4_2 movbe popcnt aes xsave avx rdrand hypervisor lahf_lm abm 3dnowprefetch rdseed clflushopt
bogomips	: 5424.01
clflush size	: 64
cache_alignment	: 64
address sizes	: 39 bits physical, 48 bits virtual
power management:

processor	: 1
vendor_id	: GenuineIntel
cpu family	: 6
model		: 94
model name	: Intel(R) Core(TM) i7-6820HQ CPU @ 2.70GHz
stepping	: 3
cpu MHz		: 2712.006
cache size	: 8192 KB
physical id	: 0
siblings	: 2
core id		: 1
cpu cores	: 2
apicid		: 1
initial apicid	: 1
fpu		: yes
fpu_exception	: yes
cpuid level	: 22
wp		: yes
flags		: fpu vme de pse tsc msr pae mce cx8 apic sep mtrr pge mca cmov pat pse36 clflush mmx fxsr sse sse2 ht syscall nx rdtscp lm constant_tsc rep_good nopl xtopology nonstop_tsc pni pclmulqdq ssse3 cx16 sse4_1 sse4_2 movbe popcnt aes xsave avx rdrand hypervisor lahf_lm abm 3dnowprefetch rdseed clflushopt
bogomips	: 5424.01
clflush size	: 64
cache_alignment	: 64
address sizes	: 39 bits physical, 48 bits virtual
power management:



Memory: 4k page, physical 8195848k(406248k free), swap 4191228k(4012096k free)

vm_info: Java HotSpot(TM) 64-Bit Server VM (24.95-b01) for linux-amd64 JRE (1.7.0_97-b02), built on Feb  2 2016 14:05:00 by "java_re" with gcc 4.3.0 20080428 (Red Hat 4.3.0-8)

time: Sun Jun  4 14:27:17 2017
elapsed time: 8402 seconds

